{
  "RSpec": {
    "coverage": {
      "/Users/khcr/Projets/Web/resj/spec/controllers/subjects_controller_spec.rb": [
        1,
        null,
        1,
        null,
        1,
        5,
        null,
        1,
        null,
        1,
        1,
        null,
        null,
        null,
        null,
        1,
        1,
        1,
        1,
        null,
        null,
        1,
        1,
        null,
        null,
        null,
        null,
        1,
        1,
        1,
        1,
        null,
        null,
        1,
        1,
        null,
        null,
        null,
        null,
        1,
        1,
        1,
        1,
        1,
        null,
        null,
        1,
        1,
        null,
        null,
        null,
        null,
        null,
        null,
        null
      ],
      "/Users/khcr/Projets/Web/resj/spec/rails_helper.rb": [
        null,
        1,
        1,
        1,
        1,
        null,
        null,
        null,
        null,
        null,
        null,
        null,
        null,
        null,
        null,
        null,
        null,
        null,
        null,
        null,
        4,
        null,
        null,
        null,
        1,
        null,
        1,
        null,
        1,
        null,
        null,
        null,
        null,
        1,
        null,
        null,
        null,
        null,
        null,
        null,
        null,
        null,
        null,
        null,
        null,
        null,
        null,
        null,
        1,
        null
      ],
      "/Users/khcr/Projets/Web/resj/config/environment.rb": [
        null,
        1,
        null,
        null,
        1
      ],
      "/Users/khcr/Projets/Web/resj/config/application.rb": [
        1,
        null,
        1,
        null,
        null,
        null,
        1,
        null,
        1,
        1,
        null,
        null,
        null,
        null,
        null,
        null,
        null,
        1,
        null,
        null,
        null,
        null,
        1,
        1,
        null,
        null,
        1,
        null,
        null,
        1,
        1,
        1,
        1,
        1,
        1,
        1,
        1,
        null,
        null,
        null,
        1,
        null,
        1,
        null,
        null,
        null
      ],
      "/Users/khcr/Projets/Web/resj/config/boot.rb": [
        1,
        null,
        1
      ],
      "/Users/khcr/Projets/Web/resj/config/environments/test.rb": [
        1,
        null,
        null,
        null,
        null,
        null,
        null,
        1,
        null,
        null,
        null,
        null,
        1,
        null,
        null,
        1,
        1,
        null,
        null,
        1,
        1,
        null,
        null,
        1,
        null,
        null,
        1,
        null,
        null,
        null,
        null,
        1,
        null,
        null,
        1,
        null,
        null,
        1,
        null,
        null,
        null,
        null,
        null,
        1,
        null
      ],
      "/Users/khcr/Projets/Web/resj/config/initializers/assets.rb": [
        null,
        null,
        null,
        1,
        null,
        null,
        null,
        null,
        null,
        1,
        null,
        null,
        null
      ],
      "/Users/khcr/Projets/Web/resj/config/initializers/backtrace_silencers.rb": [
        null,
        null,
        null,
        null,
        null,
        null,
        null
      ],
      "/Users/khcr/Projets/Web/resj/config/initializers/boolean.rb": [
        1,
        1,
        0,
        0,
        0,
        null,
        null,
        null,
        1,
        1,
        0,
        0,
        0,
        null,
        null,
        null,
        1,
        1,
        1,
        null,
        null,
        1,
        1,
        1,
        null,
        null,
        1,
        1,
        null
      ],
      "/Users/khcr/Projets/Web/resj/config/initializers/carrierwave.rb": [
        1,
        1,
        0,
        null,
        0,
        null,
        null,
        null,
        null,
        0,
        null,
        0,
        null,
        0,
        null,
        1,
        null,
        null
      ],
      "/Users/khcr/Projets/Web/resj/config/initializers/cookies_serializer.rb": [
        null,
        null,
        1
      ],
      "/Users/khcr/Projets/Web/resj/config/initializers/elasticsearch.rb": [
        1,
        null,
        1
      ],
      "/Users/khcr/Projets/Web/resj/config/initializers/filter_parameter_logging.rb": [
        null,
        null,
        null,
        1
      ],
      "/Users/khcr/Projets/Web/resj/config/initializers/inflections.rb": [
        null,
        null,
        null,
        null,
        null,
        null,
        null,
        null,
        null,
        null,
        null,
        null,
        null,
        null,
        null,
        null,
        1,
        1,
        1,
        null
      ],
      "/Users/khcr/Projets/Web/resj/config/initializers/mime_types.rb": [
        null,
        null,
        null,
        null
      ],
      "/Users/khcr/Projets/Web/resj/config/initializers/query_trace.rb": [
        1
      ],
      "/Users/khcr/Projets/Web/resj/config/initializers/session_store.rb": [
        null,
        null,
        1
      ],
      "/Users/khcr/Projets/Web/resj/config/initializers/snaptable.rb": [
        1
      ],
      "/Users/khcr/Projets/Web/resj/config/initializers/will_paginate_array.rb": [
        null,
        1
      ],
      "/Users/khcr/Projets/Web/resj/config/initializers/wrap_parameters.rb": [
        null,
        null,
        null,
        null,
        null,
        null,
        1,
        1,
        null,
        null,
        null,
        null,
        null,
        null
      ],
      "/Users/khcr/Projets/Web/resj/spec/factories.rb": [
        1,
        null,
        1,
        1,
        1,
        6,
        1,
        1,
        6,
        1,
        null,
        1,
        1,
        null,
        null,
        1,
        1,
        1,
        1,
        null,
        null,
        1,
        5,
        null,
        null,
        null,
        1,
        1,
        1,
        1,
        null,
        null,
        1,
        1,
        1,
        1,
        1,
        1,
        1,
        3,
        3,
        1,
        3,
        null,
        1,
        2,
        2,
        null,
        null,
        1,
        3,
        null,
        null,
        null,
        1,
        1,
        1,
        null,
        null,
        1,
        1,
        1,
        1,
        1,
        1,
        1,
        null,
        2,
        1,
        null,
        2,
        null,
        1,
        1,
        1,
        1,
        1,
        2,
        null,
        null,
        1,
        2,
        2,
        1,
        1,
        null,
        1,
        1,
        null,
        null,
        null,
        1,
        1,
        1,
        1,
        1,
        1,
        1,
        null,
        1,
        1,
        null,
        null,
        null,
        null,
        1,
        1,
        1,
        1,
        null,
        null,
        1,
        1,
        null,
        null,
        1,
        1,
        1,
        1,
        null,
        null,
        1,
        1,
        null,
        null,
        1,
        1,
        null,
        null,
        1,
        1,
        null,
        null,
        1,
        1,
        1,
        null,
        null,
        1,
        1,
        1,
        1,
        1,
        1,
        1,
        null,
        null,
        1,
        1,
        null,
        null
      ],
      "/Users/khcr/Projets/Web/resj/app/models/groups/card_user.rb": [
        1,
        1,
        1,
        null
      ],
      "/Users/khcr/Projets/Web/resj/app/models/groups/affiliation.rb": [
        1,
        1,
        1,
        null,
        1,
        null
      ],
      "/Users/khcr/Projets/Web/resj/config/routes.rb": [
        1,
        null,
        1,
        1,
        1,
        null,
        1,
        null,
        1,
        null,
        1,
        8,
        null,
        null,
        1,
        1,
        1,
        null,
        null,
        null,
        1,
        1,
        1,
        1,
        null,
        1,
        3,
        null,
        1,
        1,
        1,
        1,
        1,
        1,
        null,
        1,
        1,
        1,
        null,
        null,
        null,
        1,
        1,
        1,
        1,
        null,
        1,
        1,
        1,
        null,
        null,
        null,
        null,
        1,
        1,
        1,
        null,
        null,
        1,
        1,
        null,
        1,
        1,
        1,
        null,
        null,
        1,
        null,
        1,
        1,
        null,
        1,
        1,
        1,
        null,
        null,
        1,
        1,
        1,
        1,
        1,
        1,
        1,
        1,
        null,
        null,
        null,
        null,
        null,
        null,
        1,
        1,
        1,
        1,
        null,
        null,
        null,
        null,
        1,
        5,
        null,
        null,
        null,
        1,
        null,
        1,
        1,
        1,
        1,
        1,
        null,
        null,
        1,
        1,
        1,
        1,
        1,
        1,
        1,
        1,
        1,
        1,
        1,
        1,
        1,
        1,
        1,
        null,
        1,
        1,
        null,
        null,
        null,
        null,
        1,
        null,
        null,
        null
      ],
      "/Users/khcr/Projets/Web/resj/app/helpers/angularjs_helper.rb": [
        1,
        null,
        1,
        0,
        null,
        null,
        1,
        0,
        null,
        null,
        null,
        null
      ],
      "/Users/khcr/Projets/Web/resj/app/helpers/application_helper.rb": [
        1,
        null,
        1,
        0,
        null,
        null,
        1,
        0,
        null,
        null,
        1,
        0,
        null,
        null,
        1,
        0,
        0,
        0,
        0,
        null,
        null,
        1,
        0,
        null,
        null,
        null
      ],
      "/Users/khcr/Projets/Web/resj/app/helpers/cards_helper.rb": [
        1,
        1,
        0,
        0,
        null,
        0,
        null,
        null,
        null,
        1,
        0,
        0,
        null,
        0,
        null,
        null,
        null,
        null
      ],
      "/Users/khcr/Projets/Web/resj/app/helpers/forms_helper.rb": [
        1,
        null,
        1,
        0,
        null,
        null,
        1,
        0,
        null,
        null,
        1,
        0,
        null,
        null
      ],
      "/Users/khcr/Projets/Web/resj/app/helpers/header_helper.rb": [
        1,
        null,
        1,
        0,
        null,
        null,
        null,
        null,
        null,
        0,
        null,
        null,
        1,
        null,
        null,
        null,
        null,
        null,
        null,
        null,
        null,
        null,
        null,
        null,
        null,
        null,
        null,
        null,
        null,
        null,
        null,
        null,
        null,
        null,
        null,
        0,
        null,
        null,
        1,
        0,
        null,
        null,
        null
      ],
      "/Users/khcr/Projets/Web/resj/app/helpers/maps_helper.rb": [
        1,
        null,
        1,
        0,
        null,
        0,
        null,
        0,
        null,
        0,
        null,
        0,
        null,
        0,
        null,
        null,
        null,
        null
      ],
      "/Users/khcr/Projets/Web/resj/app/helpers/orators_helper.rb": [
        1,
        null,
        1,
        0,
        null,
        null,
        null
      ],
      "/Users/khcr/Projets/Web/resj/app/helpers/resources_helper.rb": [
        1,
        null,
        1,
        0,
        0,
        0,
        0,
        0,
        null,
        0,
        null,
        null,
        null,
        1,
        0,
        0,
        0,
        null,
        0,
        null,
        null,
        null,
        1,
        0,
        null,
        0,
        null,
        0,
        null,
        0,
        null,
        0,
        null,
        null,
        null,
        null
      ],
      "/Users/khcr/Projets/Web/resj/app/helpers/sessions_helper.rb": [
        1,
        null,
        null,
        null,
        null,
        null,
        null,
        null,
        1,
        0,
        0,
        null,
        null,
        1,
        0,
        null,
        null,
        null,
        null,
        null,
        null,
        1,
        9,
        null,
        null,
        null,
        null,
        null,
        null,
        null,
        1,
        0,
        null,
        null,
        null,
        1,
        0,
        0,
        null,
        null,
        null
      ],
      "/Users/khcr/Projets/Web/resj/spec/support/elasticsearch.rb": [
        1,
        null,
        1,
        null,
        1,
        null,
        1,
        3,
        null,
        null,
        null,
        null,
        null
      ],
      "/Users/khcr/Projets/Web/resj/lib/es_mock.rb": [
        1,
        null,
        1,
        1,
        null,
        1,
        0,
        null,
        null,
        1,
        3,
        null,
        null,
        null,
        null,
        1,
        2,
        null,
        null,
        1,
        3,
        3,
        null,
        null,
        null
      ],
      "/Users/khcr/Projets/Web/resj/lib/es_proxy_mock.rb": [
        1,
        null,
        1,
        0,
        null,
        null,
        null
      ],
      "/Users/khcr/Projets/Web/resj/spec/support/factory_girl.rb": [
        1,
        1,
        null
      ],
      "/Users/khcr/Projets/Web/resj/spec/support/spec_login_helper.rb": [
        1,
        1,
        3,
        3,
        null,
        null,
        1,
        0,
        null,
        null,
        1,
        3,
        null,
        null,
        null,
        1,
        1,
        null
      ],
      "/Users/khcr/Projets/Web/resj/app/controllers/subjects_controller.rb": [
        1,
        1,
        null,
        1,
        3,
        null,
        null,
        1,
        0,
        null,
        null
      ],
      "/Users/khcr/Projets/Web/resj/app/controllers/base_controller.rb": [
        1,
        null
      ],
      "/Users/khcr/Projets/Web/resj/app/controllers/application_controller.rb": [
        1,
        1,
        1,
        1,
        1,
        null,
        null,
        null,
        1,
        null,
        1,
        null,
        1,
        null,
        1,
        null,
        1,
        0,
        0,
        0,
        null,
        null,
        null,
        1,
        5,
        5,
        null,
        null,
        1,
        0,
        0,
        null,
        null,
        null,
        1,
        1,
        null,
        null,
        1,
        0,
        0,
        null,
        null,
        1,
        null,
        1,
        4,
        null,
        null,
        1,
        4,
        null,
        null,
        null
      ],
      "/Users/khcr/Projets/Web/resj/app/controllers/concerns/permission_filter.rb": [
        1,
        1,
        null,
        1,
        1,
        null,
        null,
        1,
        0,
        0,
        0,
        null,
        null,
        null,
        1,
        10,
        null,
        null,
        1,
        0,
        null,
        null,
        1,
        0,
        null,
        null,
        1,
        0,
        null,
        null,
        1,
        0,
        null,
        null,
        1,
        4,
        null,
        null,
        1,
        null,
        null,
        null,
        null
      ],
      "/Users/khcr/Projets/Web/resj/app/controllers/concerns/redirect.rb": [
        1,
        1,
        null,
        1,
        1,
        null,
        null,
        null,
        null,
        null,
        null,
        null,
        null,
        1,
        4,
        null,
        null,
        null,
        null,
        null,
        null,
        null,
        null,
        1,
        0,
        0,
        null,
        null,
        null
      ],
      "/Users/khcr/Projets/Web/resj/lib/tasks/csv.rake": [
        1,
        1,
        null,
        1,
        1,
        1,
        0,
        0,
        null,
        null,
        0,
        0,
        null,
        null,
        0,
        0,
        0,
        null,
        null,
        null,
        null,
        null,
        null,
        null,
        null,
        0,
        0,
        0,
        0,
        0,
        null,
        null,
        null,
        null,
        null
      ],
      "/Users/khcr/Projets/Web/resj/lib/tasks/cucumber.rake": [
        null,
        null,
        null,
        null,
        null,
        null,
        null,
        2,
        null,
        1,
        1,
        null,
        1,
        1,
        null,
        1,
        1,
        1,
        1,
        1,
        null,
        null,
        1,
        1,
        1,
        1,
        null,
        null,
        1,
        1,
        1,
        1,
        null,
        null,
        1,
        1,
        null,
        1,
        0,
        0,
        0,
        null,
        null,
        1,
        1,
        null,
        1,
        null,
        1,
        0,
        null,
        null,
        null,
        1,
        null,
        null,
        1,
        null,
        0,
        0,
        0,
        null,
        null,
        null,
        null
      ],
      "/Users/khcr/Projets/Web/resj/lib/tasks/db.rake": [
        1,
        null,
        1,
        1,
        0,
        null,
        null,
        1,
        1,
        0,
        null,
        null,
        1,
        1,
        0,
        0,
        null,
        null,
        null,
        1,
        1,
        0,
        0,
        null,
        null,
        null,
        null
      ],
      "/Users/khcr/Projets/Web/resj/lib/tasks/demo.rake": [
        1,
        null,
        1,
        1,
        null,
        1,
        1,
        1,
        1,
        null,
        null,
        1,
        1,
        1,
        1,
        null,
        null,
        1,
        1,
        1,
        null,
        null,
        1,
        1,
        1,
        null,
        null,
        1,
        1,
        1,
        1,
        null,
        null,
        null
      ],
      "/Users/khcr/Projets/Web/resj/lib/tasks/elasticsearch.rake": [
        1
      ],
      "/Users/khcr/Projets/Web/resj/lib/tasks/elasticsearch_import.rake": [
        1,
        1,
        null,
        1,
        1,
        1,
        null,
        0,
        0,
        0,
        null,
        null,
        0,
        null,
        0,
        null,
        0,
        0,
        0,
        0,
        null,
        null,
        null,
        null
      ],
      "/Users/khcr/Projets/Web/resj/lib/tasks/seed.rake": [
        1,
        null,
        1,
        1,
        null,
        1,
        1,
        1,
        4,
        null,
        null,
        null,
        1,
        1,
        1,
        1,
        1,
        1,
        1,
        1,
        null,
        null,
        1,
        1,
        1,
        1,
        1,
        1,
        null,
        null,
        1,
        1,
        null,
        1,
        1,
        1,
        null,
        1,
        1,
        null,
        1,
        1,
        1,
        1,
        null,
        null,
        null,
        null,
        null,
        null,
        null,
        null,
        null,
        null,
        null,
        null,
        null,
        null,
        null,
        null,
        null,
        null,
        null,
        null,
        null,
        null,
        null,
        null,
        1,
        23,
        null,
        null,
        1,
        23,
        null,
        null,
        1,
        1,
        null,
        null,
        1,
        1,
        null,
        1,
        1,
        1,
        null,
        null,
        1,
        0,
        null,
        null,
        null,
        1,
        1,
        1,
        null,
        null,
        1,
        1,
        null,
        null,
        null,
        1,
        5,
        null,
        null,
        null,
        1,
        1,
        1,
        1,
        null,
        null,
        null
      ],
      "/Users/khcr/Projets/Web/resj/lib/tasks/sessions.rake": [
        1,
        null,
        1,
        1,
        0,
        0,
        null,
        null,
        null
      ],
      "/Users/khcr/Projets/Web/resj/lib/tasks/travis.rake": [
        1,
        null,
        1,
        1,
        0,
        0,
        0,
        0,
        0,
        0,
        null,
        null,
        null,
        null
      ],
      "/Users/khcr/Projets/Web/resj/app/models/page.rb": [
        1,
        null,
        1,
        null,
        null
      ],
      "/Users/khcr/Projets/Web/resj/app/models/groups/card_type.rb": [
        1,
        1,
        null,
        1,
        null,
        null
      ],
      "/Users/khcr/Projets/Web/resj/app/models/groups/status.rb": [
        1,
        null,
        1,
        null,
        1,
        null,
        1,
        null,
        null
      ],
      "/Users/khcr/Projets/Web/resj/app/models/ownerships/ownership_type.rb": [
        1,
        1,
        null
      ],
      "/Users/khcr/Projets/Web/resj/app/models/users/user_type.rb": [
        1,
        1,
        null
      ],
      "/Users/khcr/Projets/Web/resj/app/models/users/user.rb": [
        1,
        1,
        1,
        null,
        1,
        null,
        7,
        null,
        1,
        null,
        1,
        null,
        null,
        null,
        1,
        1,
        1,
        1,
        null,
        1,
        1,
        1,
        1,
        1,
        1,
        null,
        null,
        1,
        1,
        1,
        null,
        null,
        1,
        null,
        null,
        1,
        1,
        null,
        1,
        null,
        1,
        null,
        1,
        0,
        0,
        0,
        null,
        0,
        null,
        null,
        1,
        0,
        null,
        null,
        1,
        0,
        0,
        0,
        null,
        0,
        null,
        null,
        null,
        1,
        0,
        0,
        null,
        0,
        null,
        null,
        null,
        null,
        1,
        0,
        null,
        null,
        null,
        1,
        2,
        null,
        null,
        null,
        null,
        null,
        1,
        0,
        null,
        null,
        1,
        0,
        0,
        0,
        0,
        0,
        null,
        0,
        0,
        null,
        null,
        null,
        1,
        0,
        0,
        null,
        null,
        1,
        0,
        0,
        null,
        null,
        1,
        0,
        null,
        null,
        null,
        1,
        0,
        null,
        null,
        null,
        null,
        null
      ],
      "/Users/khcr/Projets/Web/resj/app/models/concerns/user_validation.rb": [
        1,
        1,
        null,
        1,
        1,
        1,
        1,
        1,
        1,
        1,
        null,
        1,
        1,
        1,
        null,
        31,
        null,
        null,
        1,
        30,
        null,
        null,
        1,
        140,
        null,
        null,
        1,
        null,
        1,
        6,
        0,
        null,
        null,
        null,
        null,
        1,
        6,
        6,
        6,
        null,
        null,
        1,
        6,
        null,
        null,
        1,
        6,
        null,
        null,
        1,
        6,
        null,
        null
      ],
      "/Users/khcr/Projets/Web/resj/app/uploaders/avatar_uploader.rb": [
        null,
        null,
        1,
        null,
        1,
        1,
        null,
        1,
        0,
        null,
        1,
        null,
        null,
        1,
        1,
        1,
        null,
        1,
        1,
        1,
        1,
        null,
        null,
        1,
        0,
        null,
        null,
        1,
        0,
        null,
        null,
        1,
        0,
        0,
        0,
        null,
        null,
        null,
        null
      ],
      "/Users/khcr/Projets/Web/resj/app/models/ownerships/element.rb": [
        1,
        1,
        null
      ],
      "/Users/khcr/Projets/Web/resj/app/models/ownerships/ownership.rb": [
        1,
        1,
        5,
        null,
        1,
        1,
        1,
        1,
        1,
        1,
        null,
        1,
        null,
        1,
        1,
        1,
        null,
        1,
        30,
        null,
        null,
        1,
        0,
        null,
        null,
        1,
        0,
        null,
        null,
        1,
        0,
        null,
        null,
        1,
        0,
        0,
        0,
        0,
        0,
        null,
        null,
        null,
        1,
        1,
        0,
        null,
        1,
        null,
        null,
        null,
        1,
        1,
        1,
        null,
        null,
        1,
        1,
        1,
        1,
        1,
        null,
        null,
        null
      ],
      "/Users/khcr/Projets/Web/resj/app/models/concerns/autosave_associated_records.rb": [
        1,
        null,
        1,
        34,
        2,
        null,
        null,
        null,
        null
      ],
      "/Users/khcr/Projets/Web/resj/app/models/ownerships/action.rb": [
        1,
        1,
        1,
        null,
        1,
        null
      ],
      "/Users/khcr/Projets/Web/resj/app/models/ownerships/ownership_action.rb": [
        1,
        1,
        1,
        null
      ],
      "/Users/khcr/Projets/Web/resj/app/models/newsletter.rb": [
        1,
        null,
        1,
        1,
        null
      ],
      "/Users/khcr/Projets/Web/resj/app/models/users/user_newsletter.rb": [
        1,
        1,
        1,
        null
      ],
      "/Users/khcr/Projets/Web/resj/app/models/users/parent.rb": [
        1,
        1,
        1,
        null,
        1,
        1,
        null
      ],
      "/Users/khcr/Projets/Web/resj/app/models/help_category.rb": [
        1,
        1,
        null,
        1,
        0,
        null,
        null
      ],
      "/Users/khcr/Projets/Web/resj/app/models/help_page.rb": [
        1,
        1,
        null,
        1,
        1,
        1,
        null,
        1,
        0,
        null,
        null
      ],
      "/Users/khcr/Projets/Web/resj/app/models/canton.rb": [
        1,
        1,
        null,
        1,
        null
      ],
      "/Users/khcr/Projets/Web/resj/app/models/location.rb": [
        1,
        1,
        1,
        null,
        1,
        null,
        1,
        0,
        null,
        null,
        1,
        0,
        null,
        null
      ],
      "/Users/khcr/Projets/Web/resj/app/models/theme.rb": [
        1,
        1,
        1,
        null,
        1,
        1,
        null,
        1,
        1,
        null,
        1,
        null,
        1,
        null
      ],
      "/Users/khcr/Projets/Web/resj/app/models/groups/card.rb": [
        1,
        1,
        1,
        1,
        1,
        1,
        null,
        1,
        1,
        1,
        null,
        1,
        1,
        1,
        1,
        null,
        1,
        1,
        null,
        1,
        1,
        null,
        1,
        null,
        null,
        1,
        1,
        null,
        null,
        1,
        1,
        null,
        null,
        null,
        1,
        1,
        1,
        1,
        null,
        1,
        1,
        null,
        1,
        1,
        null,
        1,
        1,
        null,
        1,
        0,
        null,
        null,
        null,
        1,
        0,
        null,
        null,
        null,
        1,
        0,
        null,
        null,
        null,
        1,
        0,
        null,
        null,
        1,
        2,
        null,
        null,
        null,
        1,
        0,
        null,
        null,
        1,
        28,
        null,
        null,
        null,
        null,
        1,
        2,
        2,
        null,
        null,
        1,
        0,
        0,
        2,
        null,
        null,
        1,
        0,
        0,
        null,
        null,
        0,
        null,
        null,
        null,
        1,
        2,
        null,
        null,
        1,
        0,
        0,
        0,
        0,
        null,
        0,
        null,
        null,
        1,
        0,
        0,
        0,
        0,
        0,
        null,
        0,
        null,
        null,
        null,
        null,
        null,
        null,
        1,
        0,
        null,
        0,
        null,
        0,
        null,
        0,
        null,
        0,
        null,
        null,
        1,
        0,
        null,
        null,
        null,
        null,
        null,
        null,
        null,
        1,
        0,
        0,
        null,
        0,
        null,
        null,
        null,
        1,
        0,
        0,
        0,
        0,
        null,
        0,
        null,
        null,
        1,
        0,
        null,
        null,
        1,
        0,
        null,
        0,
        null,
        0,
        null,
        0,
        null,
        0,
        null,
        0,
        null,
        0,
        null,
        null,
        null,
        null,
        null,
        null,
        1,
        null,
        1,
        2,
        0,
        0,
        0,
        null,
        0,
        null,
        null,
        null,
        null,
        1,
        0,
        null,
        null,
        null
      ],
      "/Users/khcr/Projets/Web/resj/app/models/concerns/wizard.rb": [
        null,
        null,
        1,
        1,
        null,
        1,
        28,
        null,
        null,
        1,
        0,
        null,
        null,
        1,
        0,
        null,
        null,
        1,
        0,
        null,
        null,
        1,
        0,
        null,
        null,
        1,
        0,
        null,
        null,
        null
      ],
      "/Users/khcr/Projets/Web/resj/app/models/concerns/card_validation.rb": [
        1,
        1,
        null,
        1,
        13,
        1,
        1,
        1,
        null,
        11,
        1,
        1,
        1,
        1,
        1,
        null,
        7,
        1,
        1,
        1,
        null,
        null,
        1,
        null,
        null,
        1,
        null,
        1,
        2,
        0,
        null,
        null,
        null,
        1,
        2,
        0,
        null,
        null,
        null,
        1,
        2,
        2,
        null,
        null,
        null,
        null
      ],
      "/Users/khcr/Projets/Web/resj/app/models/concerns/card_search.rb": [
        1,
        null,
        1,
        1,
        null,
        1,
        1,
        1,
        1,
        null,
        1,
        1,
        null,
        1,
        1,
        1,
        null,
        null,
        null,
        1,
        1,
        1,
        1,
        null,
        1,
        1,
        1,
        1,
        null,
        null,
        1,
        1,
        null,
        null,
        null,
        null,
        1,
        0,
        null,
        null,
        null,
        null,
        null,
        null,
        null,
        null,
        1,
        null,
        1,
        0,
        0,
        0,
        0,
        0,
        0,
        0,
        0,
        0,
        null,
        null,
        null,
        0,
        0,
        0,
        0,
        0,
        0,
        0,
        null,
        null,
        null,
        null,
        null,
        0,
        null,
        0,
        null,
        null,
        null,
        null
      ],
      "/Users/khcr/Projets/Web/resj/lib/abuilder.rb": [
        1,
        null,
        1,
        0,
        0,
        null,
        null,
        1,
        0,
        null,
        null,
        1,
        0,
        null,
        null,
        1,
        0,
        null,
        null,
        null
      ],
      "/Users/khcr/Projets/Web/resj/app/models/concerns/es_callbacks.rb": [
        1,
        1,
        null,
        1,
        2,
        2,
        null,
        null,
        1,
        0,
        0,
        0,
        null,
        0,
        null,
        null,
        null,
        null
      ],
      "/Users/khcr/Projets/Web/resj/app/models/concerns/es_settings.rb": [
        1,
        null,
        1,
        null,
        null,
        null,
        null,
        null,
        null,
        null,
        null,
        null,
        null,
        null,
        null,
        null,
        null,
        null,
        null,
        null,
        null,
        null,
        null,
        null,
        null,
        null,
        null,
        null,
        null,
        null,
        null,
        null,
        null,
        null,
        null,
        null,
        null,
        null,
        null,
        null,
        null,
        null,
        null,
        null,
        null,
        null,
        null,
        null,
        null,
        null,
        null,
        3,
        null,
        null,
        null
      ],
      "/Users/khcr/Projets/Web/resj/app/uploaders/logo_uploader.rb": [
        null,
        null,
        1,
        null,
        1,
        1,
        null,
        1,
        0,
        null,
        1,
        null,
        null,
        1,
        1,
        1,
        null,
        1,
        1,
        1,
        1,
        null,
        null,
        1,
        1,
        1,
        1,
        null,
        null,
        1,
        0,
        null,
        null,
        1,
        0,
        null,
        null,
        1,
        0,
        0,
        0,
        null,
        null,
        null,
        null,
        null,
        null,
        null,
        null
      ],
      "/Users/khcr/Projets/Web/resj/app/uploaders/banner_uploader.rb": [
        null,
        null,
        1,
        null,
        1,
        1,
        null,
        1,
        0,
        null,
        1,
        null,
        null,
        1,
        1,
        null,
        null,
        1,
        1,
        1,
        null,
        null,
        1,
        1,
        1,
        null,
        null,
        1,
        1,
        1,
        null,
        null,
        1,
        1,
        1,
        null,
        null,
        1,
        1,
        1,
        1,
        null,
        1,
        0,
        null,
        null,
        1,
        0,
        null,
        null,
        1,
        0,
        0,
        0,
        null,
        null,
        null,
        1,
        0,
        null,
        null,
        1,
        0,
        0,
        0,
        null,
        null,
        null,
        1,
        0,
        0,
        null,
        null,
        1,
        0,
        0,
        0,
        0,
        null,
        0,
        null,
        0,
        null,
        null,
        null,
        null,
        null,
        null,
        null,
        null,
        null,
        null,
        null,
        null,
        null,
        null,
        null,
        null,
        null,
        null
      ],
      "/Users/khcr/Projets/Web/resj/app/models/orators/orator.rb": [
        1,
        1,
        null,
        1,
        1,
        1,
        1,
        1,
        1,
        null,
        1,
        1,
        null,
        1,
        0,
        null,
        null,
        1,
        0,
        null,
        null,
        1,
        0,
        null,
        null,
        null
      ],
      "/Users/khcr/Projets/Web/resj/app/models/concerns/orator_search.rb": [
        1,
        null,
        1,
        1,
        null,
        1,
        1,
        1,
        1,
        null,
        1,
        1,
        null,
        1,
        1,
        1,
        1,
        1,
        null,
        null,
        null,
        null,
        1,
        1,
        1,
        1,
        null,
        null,
        1,
        1,
        1,
        null,
        1,
        null,
        null,
        null,
        1,
        0,
        null,
        null,
        null,
        null,
        null,
        null,
        null,
        null,
        null,
        1,
        null,
        1,
        0,
        0,
        0,
        0,
        0,
        0,
        0,
        0,
        0,
        null,
        null,
        null,
        0,
        0,
        0,
        0,
        0,
        0,
        null,
        null,
        null,
        null,
        null,
        0,
        null,
        0,
        null,
        null,
        null,
        null,
        null
      ],
      "/Users/khcr/Projets/Web/resj/app/models/subjects/subject.rb": [
        1,
        1,
        null,
        1,
        1,
        1,
        1,
        null,
        1,
        1,
        1,
        1,
        null,
        1,
        null,
        1,
        0,
        null,
        null,
        null
      ],
      "/Users/khcr/Projets/Web/resj/app/models/concerns/subject_search.rb": [
        1,
        null,
        1,
        1,
        null,
        1,
        1,
        1,
        1,
        null,
        1,
        null,
        1,
        1,
        1,
        1,
        1,
        1,
        1,
        null,
        null,
        null,
        null,
        1,
        0,
        null,
        null,
        null,
        null,
        null,
        1,
        null,
        1,
        0,
        0,
        0,
        0,
        0,
        0,
        0,
        0,
        0,
        null,
        null,
        null,
        0,
        0,
        0,
        0,
        null,
        null,
        null,
        null,
        null,
        null,
        0,
        null,
        null,
        null,
        null,
        null
      ],
      "/Users/khcr/Projets/Web/resj/app/controllers/permission_access.rb": [
        1,
        null,
        1,
        4,
        4,
        4,
        4,
        4,
        4,
        4,
        null,
        null,
        1,
        null,
        4,
        null,
        null,
        1,
        0,
        null,
        null,
        1,
        4,
        1,
        1,
        null,
        0,
        null,
        null,
        null,
        null,
        1,
        0,
        0,
        null,
        null,
        1,
        4,
        4,
        null,
        null,
        1,
        4,
        null,
        null,
        null
      ],
      "/Users/khcr/Projets/Web/resj/app/models/ownerships/permission.rb": [
        1,
        null,
        1,
        4,
        4,
        null,
        null,
        1,
        0,
        0,
        0,
        null,
        null,
        1,
        0,
        0,
        null,
        null,
        1,
        3,
        3,
        null,
        null,
        1,
        0,
        0,
        0,
        0,
        0,
        0,
        0,
        null,
        0,
        0,
        null,
        null,
        1,
        0,
        0,
        0,
        null,
        0,
        0,
        null,
        null,
        1,
        0,
        0,
        null,
        null,
        1,
        4,
        4,
        4,
        4,
        null,
        null,
        1,
        5,
        null,
        null,
        1,
        0,
        0,
        null,
        null,
        1,
        0,
        0,
        0,
        null,
        null,
        0,
        null,
        null,
        1,
        0,
        0,
        0,
        null,
        null,
        1,
        null,
        1,
        4,
        null,
        null
      ],
      "/Users/khcr/Projets/Web/resj/app/models/ownerships/access_token.rb": [
        1,
        1,
        null,
        1,
        1,
        null,
        1,
        null,
        1,
        0,
        null,
        null,
        1,
        0,
        null,
        null
      ],
      "/Users/khcr/Projets/Web/resj/app/models/groups/card_responsable.rb": [
        1,
        1,
        1,
        null
      ],
      "/Users/khcr/Projets/Web/resj/app/models/groups/responsable.rb": [
        1,
        1,
        null,
        1,
        1,
        null,
        1,
        1,
        1,
        null,
        1,
        null,
        1,
        0,
        null,
        null,
        1,
        null,
        1,
        0,
        0,
        0,
        0,
        0,
        0,
        null,
        null
      ],
      "/Users/khcr/Projets/Web/resj/app/models/groups/card_affiliation.rb": [
        1,
        1,
        1,
        null
      ],
      "/Users/khcr/Projets/Web/resj/app/models/groups/tagging.rb": [
        1,
        1,
        1,
        null
      ],
      "/Users/khcr/Projets/Web/resj/app/models/tag.rb": [
        1,
        1,
        1,
        null,
        1,
        null,
        1,
        null
      ]
    },
    "timestamp": 1440867224
  },
  "Cucumber Features": {
    "coverage": {
      "/Users/khcr/Projets/Web/resj/features/support/elasticsearch.rb": [
        1,
        null,
        1,
        0,
        null,
        null,
        1,
        null,
        3,
        null,
        null
      ],
      "/Users/khcr/Projets/Web/resj/lib/es_mock.rb": [
        1,
        null,
        1,
        1,
        null,
        1,
        0,
        null,
        null,
        1,
        1,
        null,
        null,
        null,
        null,
        1,
        67,
        null,
        null,
        1,
        3,
        3,
        null,
        null,
        null
      ],
      "/Users/khcr/Projets/Web/resj/lib/es_proxy_mock.rb": [
        1,
        null,
        1,
        34,
        null,
        null,
        null
      ],
      "/Users/khcr/Projets/Web/resj/app/models/groups/card.rb": [
        1,
        1,
        1,
        1,
        1,
        1,
        null,
        13,
        1,
        10,
        null,
        1,
        1,
        1,
        1,
        null,
        1,
        1,
        null,
        1,
        1,
        null,
        1,
        null,
        null,
        1,
        1,
        null,
        null,
        1,
        1,
        null,
        null,
        null,
        1,
        1,
        1,
        1,
        null,
        1,
        1,
        null,
        1,
        1,
        null,
        24,
        1,
        null,
        1,
        147,
        null,
        null,
        null,
        1,
        17,
        null,
        null,
        null,
        1,
        21,
        null,
        null,
        null,
        1,
        17,
        null,
        null,
        1,
        36,
        null,
        null,
        null,
        1,
        175,
        null,
        null,
        1,
        732,
        null,
        null,
        null,
        null,
        1,
        26,
        26,
        null,
        null,
        1,
        3,
        2,
        26,
        null,
        null,
        1,
        2,
        0,
        null,
        null,
        2,
        null,
        null,
        null,
        1,
        26,
        null,
        null,
        1,
        1,
        1,
        1,
        1,
        null,
        1,
        null,
        null,
        1,
        1,
        1,
        1,
        1,
        1,
        null,
        1,
        null,
        null,
        null,
        null,
        null,
        null,
        1,
        1,
        null,
        0,
        null,
        0,
        null,
        0,
        null,
        1,
        null,
        null,
        1,
        2,
        null,
        null,
        null,
        null,
        null,
        null,
        null,
        1,
        4,
        0,
        null,
        4,
        null,
        null,
        null,
        1,
        0,
        0,
        0,
        0,
        null,
        0,
        null,
        null,
        1,
        0,
        null,
        null,
        1,
        0,
        null,
        0,
        null,
        0,
        null,
        0,
        null,
        0,
        null,
        0,
        null,
        0,
        null,
        null,
        null,
        null,
        null,
        null,
        1,
        null,
        1,
        26,
        2,
        1,
        1,
        null,
        1,
        null,
        null,
        null,
        null,
        1,
        0,
        null,
        null,
        null
      ],
      "/Users/khcr/Projets/Web/resj/app/models/concerns/autosave_associated_records.rb": [
        1,
        null,
        1,
        266,
        16,
        null,
        null,
        null,
        null
      ],
      "/Users/khcr/Projets/Web/resj/app/models/concerns/wizard.rb": [
        null,
        null,
        1,
        1,
        null,
        1,
        1776,
        null,
        null,
        1,
        27,
        null,
        null,
        1,
        17,
        null,
        null,
        1,
        0,
        null,
        null,
        1,
        27,
        null,
        null,
        1,
        27,
        null,
        null,
        null
      ],
      "/Users/khcr/Projets/Web/resj/app/models/concerns/card_validation.rb": [
        1,
        1,
        null,
        1,
        319,
        1,
        1,
        1,
        null,
        266,
        1,
        1,
        1,
        1,
        1,
        null,
        150,
        1,
        1,
        1,
        null,
        null,
        1,
        null,
        null,
        1,
        null,
        1,
        38,
        0,
        null,
        null,
        null,
        1,
        28,
        2,
        null,
        null,
        null,
        1,
        26,
        26,
        null,
        null,
        null,
        null
      ],
      "/Users/khcr/Projets/Web/resj/app/models/concerns/card_search.rb": [
        1,
        null,
        1,
        1,
        null,
        1,
        1,
        1,
        1,
        null,
        3,
        5,
        null,
        1,
        1,
        1,
        null,
        null,
        null,
        1,
        1,
        1,
        1,
        null,
        1,
        1,
        1,
        1,
        null,
        null,
        1,
        1,
        null,
        null,
        null,
        null,
        1,
        0,
        null,
        null,
        null,
        null,
        null,
        null,
        null,
        null,
        1,
        null,
        1,
        0,
        0,
        0,
        0,
        0,
        0,
        0,
        0,
        null,
        null,
        null,
        0,
        0,
        0,
        0,
        0,
        0,
        0,
        null,
        null,
        null,
        null,
        null,
        0,
        null,
        0,
        null,
        null,
        null,
        null
      ],
      "/Users/khcr/Projets/Web/resj/lib/abuilder.rb": [
        1,
        null,
        1,
        0,
        0,
        null,
        null,
        1,
        0,
        null,
        null,
        1,
        0,
        null,
        null,
        1,
        0,
        null,
        null,
        null
      ],
      "/Users/khcr/Projets/Web/resj/app/models/concerns/es_callbacks.rb": [
        1,
        1,
        null,
        1,
        27,
        2,
        null,
        null,
        1,
        12,
        4,
        0,
        null,
        4,
        null,
        null,
        null,
        null
      ],
      "/Users/khcr/Projets/Web/resj/app/models/concerns/es_settings.rb": [
        1,
        null,
        1,
        null,
        null,
        null,
        null,
        null,
        null,
        null,
        null,
        null,
        null,
        null,
        null,
        null,
        null,
        null,
        null,
        null,
        null,
        null,
        null,
        null,
        null,
        null,
        null,
        null,
        null,
        null,
        null,
        null,
        null,
        null,
        null,
        null,
        null,
        null,
        null,
        null,
        null,
        null,
        null,
        null,
        null,
        null,
        null,
        null,
        null,
        null,
        null,
        3,
        null,
        null,
        null
      ],
      "/Users/khcr/Projets/Web/resj/app/uploaders/logo_uploader.rb": [
        null,
        null,
        1,
        null,
        1,
        1,
        null,
        1,
        0,
        null,
        1,
        null,
        null,
        1,
        1,
        1,
        null,
        1,
        1,
        1,
        1,
        null,
        null,
        1,
        1,
        1,
        1,
        null,
        null,
        1,
        3,
        null,
        null,
        1,
        9,
        null,
        null,
        1,
        3,
        3,
        3,
        null,
        null,
        null,
        null,
        null,
        null,
        null,
        null
      ],
      "/Users/khcr/Projets/Web/resj/app/uploaders/banner_uploader.rb": [
        null,
        null,
        1,
        null,
        1,
        1,
        null,
        1,
        0,
        null,
        1,
        null,
        null,
        1,
        1,
        null,
        null,
        1,
        1,
        1,
        null,
        null,
        1,
        1,
        1,
        null,
        null,
        1,
        1,
        1,
        null,
        null,
        1,
        1,
        1,
        null,
        null,
        1,
        1,
        1,
        1,
        null,
        1,
        6,
        null,
        null,
        1,
        15,
        null,
        null,
        1,
        1,
        1,
        0,
        null,
        null,
        null,
        1,
        5,
        null,
        null,
        1,
        1,
        1,
        1,
        null,
        null,
        null,
        1,
        5,
        5,
        null,
        null,
        1,
        0,
        0,
        0,
        0,
        null,
        0,
        null,
        0,
        null,
        null,
        null,
        null,
        null,
        null,
        null,
        null,
        null,
        null,
        null,
        null,
        null,
        null,
        null,
        null,
        null,
        null
      ],
      "/Users/khcr/Projets/Web/resj/app/models/subjects/subject.rb": [
        1,
        1,
        null,
        1,
        1,
        1,
        1,
        null,
        1,
        1,
        1,
        1,
        null,
        1,
        null,
        1,
        0,
        null,
        null,
        null
      ],
      "/Users/khcr/Projets/Web/resj/app/models/concerns/subject_search.rb": [
        1,
        null,
        1,
        1,
        null,
        1,
        1,
        1,
        1,
        null,
        1,
        null,
        1,
        1,
        1,
        1,
        1,
        1,
        1,
        null,
        null,
        null,
        null,
        1,
        0,
        null,
        null,
        null,
        null,
        null,
        1,
        null,
        1,
        0,
        0,
        0,
        0,
        0,
        0,
        0,
        0,
        null,
        null,
        null,
        0,
        0,
        0,
        0,
        null,
        null,
        null,
        null,
        null,
        null,
        0,
        null,
        null,
        null,
        null,
        null
      ],
      "/Users/khcr/Projets/Web/resj/app/models/orators/orator.rb": [
        1,
        1,
        null,
        1,
        1,
        1,
        1,
        1,
        1,
        null,
        1,
        1,
        null,
        1,
        0,
        null,
        null,
        1,
        0,
        null,
        null,
        1,
        0,
        null,
        null,
        null
      ],
      "/Users/khcr/Projets/Web/resj/app/models/concerns/orator_search.rb": [
        1,
        null,
        1,
        1,
        null,
        1,
        1,
        1,
        1,
        null,
        4,
        1,
        null,
        1,
        1,
        1,
        1,
        1,
        null,
        null,
        null,
        null,
        1,
        1,
        1,
        1,
        null,
        null,
        1,
        1,
        1,
        null,
        1,
        null,
        null,
        null,
        1,
        0,
        null,
        null,
        null,
        null,
        null,
        null,
        null,
        null,
        null,
        1,
        null,
        1,
        0,
        0,
        0,
        0,
        0,
        0,
        0,
        0,
        null,
        null,
        null,
        0,
        0,
        0,
        0,
        0,
        0,
        null,
        null,
        null,
        null,
        null,
        0,
        null,
        0,
        null,
        null,
        null,
        null,
        null
      ],
      "/Users/khcr/Projets/Web/resj/features/support/multiselect.rb": [
        1,
        null,
        1,
        1,
        null,
        null,
        null,
        null,
        1
      ],
      "/Users/khcr/Projets/Web/resj/features/support/rake.rb": [
        1,
        1,
        41,
        41,
        41,
        41,
        41,
        41,
        null,
        null,
        null,
        1,
        null,
        1,
        null,
        7,
        21,
        null,
        null,
        null,
        null,
        1,
        null,
        5,
        20,
        null,
        null,
        null
      ],
      "/Users/khcr/Projets/Web/resj/features/support/selectize.rb": [
        1,
        null,
        1,
        25,
        25,
        22,
        null,
        null,
        null,
        null,
        null,
        1
      ],
      "/Users/khcr/Projets/Web/resj/features/step_definitions/admin/users/invite_steps.rb": [
        1,
        1,
        1,
        null,
        null,
        1,
        1,
        1,
        1,
        null,
        1,
        null
      ],
      "/Users/khcr/Projets/Web/resj/features/step_definitions/application_steps.rb": [
        1,
        30,
        null,
        null,
        1,
        2,
        null,
        null,
        1,
        3,
        null,
        null,
        1,
        4,
        null,
        null,
        1,
        9,
        null,
        null,
        1,
        31,
        null,
        null,
        1,
        5,
        null,
        null,
        1,
        7,
        23,
        null,
        null,
        null,
        1,
        2,
        null,
        null,
        1,
        0,
        null
      ],
      "/Users/khcr/Projets/Web/resj/features/step_definitions/cards/cards_steps.rb": [
        1,
        15,
        null,
        null,
        1,
        6,
        null
      ],
      "/Users/khcr/Projets/Web/resj/features/step_definitions/cards/images_update_steps.rb": [
        1,
        4,
        null,
        null,
        1,
        2,
        2,
        null,
        null,
        1,
        1,
        1,
        null,
        null,
        1,
        1,
        1,
        null,
        null,
        null,
        null,
        1,
        2,
        2,
        null,
        null,
        1,
        1,
        1,
        null,
        null,
        1,
        1,
        1,
        null,
        null,
        1,
        2,
        null
      ],
      "/Users/khcr/Projets/Web/resj/features/step_definitions/cards/maps_steps.rb": [
        1,
        0,
        null
      ],
      "/Users/khcr/Projets/Web/resj/features/step_definitions/cards/new_steps.rb": [
        1,
        6,
        6,
        null,
        null,
        1,
        7,
        7,
        7,
        null,
        null,
        1,
        5,
        5,
        5,
        5,
        5,
        5,
        null,
        null,
        1,
        4,
        4,
        4,
        4,
        4,
        4,
        4,
        4,
        4,
        4,
        null,
        null,
        1,
        3,
        3,
        3,
        3,
        null,
        null,
        1,
        2,
        null,
        null,
        1,
        1,
        1,
        1,
        null,
        null,
        1,
        4,
        null,
        null,
        1,
        1,
        null,
        null,
        1,
        null,
        1,
        10,
        null,
        null,
        null,
        1,
        1,
        null
      ],
      "/Users/khcr/Projets/Web/resj/features/step_definitions/cards/overview_steps.rb": [
        1,
        2,
        null,
        null,
        1,
        1,
        1,
        1,
        null,
        null,
        1,
        1,
        null,
        null,
        1,
        1,
        null
      ],
      "/Users/khcr/Projets/Web/resj/features/step_definitions/cards/team_steps.rb": [
        1,
        5,
        null,
        null,
        1,
        1,
        null,
        null,
        1,
        1,
        null,
        null,
        null,
        1,
        1,
        null,
        null,
        null,
        1,
        3,
        null,
        null,
        1,
        1,
        1,
        null,
        null,
        null,
        1,
        1,
        1,
        null,
        null,
        null,
        1,
        2,
        2,
        null,
        null,
        null,
        1,
        0,
        0,
        null,
        null,
        1,
        1,
        1,
        null,
        null,
        null,
        1,
        1,
        1,
        null,
        null,
        null,
        1,
        1,
        1,
        null,
        null,
        null,
        1,
        1,
        1,
        null,
        null
      ],
      "/Users/khcr/Projets/Web/resj/features/step_definitions/cards/user_affiliations_steps.rb": [
        1,
        6,
        null,
        null,
        1,
        2,
        null,
        null,
        1,
        1,
        null,
        null,
        1,
        1,
        null,
        null,
        1,
        3,
        3,
        null
      ],
      "/Users/khcr/Projets/Web/resj/features/step_definitions/email_steps.rb": [
        null,
        null,
        null,
        null,
        null,
        null,
        null,
        null,
        null,
        null,
        null,
        null,
        null,
        null,
        null,
        null,
        null,
        null,
        null,
        null,
        null,
        null,
        null,
        null,
        null,
        null,
        1,
        1,
        null,
        null,
        null,
        5,
        null,
        null,
        null,
        1,
        null,
        null,
        null,
        null,
        null,
        null,
        1,
        0,
        null,
        null,
        null,
        null,
        null,
        null,
        1,
        1,
        null,
        null,
        1,
        0,
        null,
        null,
        1,
        0,
        null,
        null,
        1,
        0,
        null,
        null,
        1,
        0,
        null,
        null,
        null,
        null,
        null,
        null,
        null,
        1,
        0,
        null,
        null,
        1,
        1,
        null,
        null,
        1,
        0,
        null,
        null,
        1,
        0,
        null,
        null,
        1,
        0,
        null,
        null,
        null,
        null,
        null,
        null,
        1,
        0,
        null,
        null,
        1,
        0,
        null,
        null,
        1,
        0,
        null,
        null,
        1,
        0,
        null,
        null,
        1,
        0,
        null,
        null,
        1,
        0,
        null,
        null,
        1,
        0,
        null,
        null,
        1,
        0,
        null,
        null,
        1,
        0,
        null,
        null,
        1,
        0,
        null,
        null,
        null,
        null,
        null,
        null,
        1,
        0,
        null,
        null,
        1,
        0,
        null,
        null,
        1,
        0,
        null,
        null,
        1,
        0,
        null,
        null,
        1,
        0,
        null,
        null,
        1,
        0,
        0,
        null,
        null,
        null,
        1,
        0,
        null,
        null,
        null,
        null,
        null,
        null,
        1,
        0,
        null,
        null,
        1,
        1,
        null,
        null,
        null,
        null,
        null,
        null,
        null,
        null,
        1,
        0,
        null,
        null,
        1,
        0,
        null,
        null,
        1,
        0,
        null,
        null,
        1,
        0,
        null
      ],
      "/Users/khcr/Projets/Web/resj/features/step_definitions/help/categories_steps.rb": [
        1,
        2,
        2,
        null,
        null,
        1,
        1,
        null,
        null,
        1,
        1,
        1,
        1,
        1,
        null
      ],
      "/Users/khcr/Projets/Web/resj/features/step_definitions/users/card_affiliations_steps.rb": [
        1,
        3,
        3,
        null,
        null,
        1,
        1,
        null,
        null,
        1,
        1,
        null,
        null,
        1,
        2,
        null,
        null,
        1,
        6,
        null,
        null,
        1,
        6,
        null
      ],
      "/Users/khcr/Projets/Web/resj/features/step_definitions/users/newsletter_steps.rb": [
        1,
        1,
        1,
        null,
        null,
        1,
        1,
        null
      ],
      "/Users/khcr/Projets/Web/resj/features/step_definitions/users/orators_steps.rb": [
        1,
        5,
        5,
        5,
        null,
        5,
        null,
        null,
        1,
        1,
        1,
        1,
        1,
        1,
        1,
        1,
        null,
        null,
        1,
        2,
        2,
        2,
        2,
        2,
        2,
        null,
        null,
        1,
        1,
        null,
        null,
        1,
        1,
        1,
        1,
        1,
        null
      ],
      "/Users/khcr/Projets/Web/resj/features/step_definitions/users/password_forgotten_steps.rb": [
        1,
        1,
        null,
        null,
        1,
        1,
        1,
        null,
        null,
        null,
        1,
        2,
        null,
        null,
        1,
        2,
        2,
        2,
        null,
        null,
        1,
        1,
        1,
        null
      ],
      "/Users/khcr/Projets/Web/resj/features/step_definitions/users/signing_in_steps.rb": [
        1,
        4,
        4,
        4,
        null
      ],
      "/Users/khcr/Projets/Web/resj/features/step_definitions/users/signing_up_steps.rb": [
        1,
        null,
        null,
        1,
        1,
        null,
        null,
        1,
        1,
        1,
        null,
        null,
        1,
        2,
        2,
        2,
        2,
        2,
        2,
        null,
        null,
        1,
        0,
        null
      ],
      "/Users/khcr/Projets/Web/resj/features/step_definitions/users/update_steps.rb": [
        1,
        1,
        1,
        1,
        1,
        1,
        null,
        null,
        1,
        null,
        null,
        1,
        1,
        null,
        null,
        1,
        1,
        1,
        1,
        1,
        null,
        null,
        1,
        1,
        1,
        1,
        null
      ],
      "/Users/khcr/Projets/Web/resj/features/step_definitions/users/users_steps.rb": [
        1,
        14,
        14,
        14,
        14,
        null,
        null,
        1,
        15,
        15,
        15,
        15,
        null,
        null,
        1,
        25,
        null,
        null,
        1,
        1,
        null,
        null,
        1,
        1,
        null,
        null,
        1,
        3,
        3,
        3,
        3,
        null,
        null,
        1,
        2,
        2,
        null
      ],
      "/Users/khcr/Projets/Web/resj/lib/tasks/seed.rake": [
        1,
        null,
        1,
        1,
        null,
        1,
        1,
        0,
        0,
        null,
        null,
        null,
        1,
        1,
        0,
        0,
        0,
        0,
        0,
        0,
        null,
        null,
        1,
        1,
        0,
        0,
        0,
        0,
        null,
        null,
        1,
        1,
        null,
        1,
        1,
        1,
        null,
        1,
        1,
        null,
        1,
        1,
        1,
        1,
        null,
        null,
        null,
        null,
        null,
        null,
        null,
        null,
        null,
        null,
        null,
        null,
        null,
        null,
        null,
        null,
        null,
        null,
        null,
        null,
        null,
        null,
        null,
        null,
        1,
        23,
        null,
        null,
        1,
        23,
        null,
        null,
        1,
        1,
        null,
        null,
        1,
        1,
        null,
        0,
        0,
        0,
        null,
        null,
        0,
        0,
        null,
        null,
        null,
        0,
        0,
        0,
        null,
        null,
        1,
        1,
        null,
        null,
        null,
        0,
        0,
        null,
        null,
        null,
        1,
        1,
        0,
        0,
        null,
        null,
        null
      ],
      "/Users/khcr/Projets/Web/resj/app/models/ownerships/ownership_type.rb": [
        1,
        1,
        null
      ],
      "/Users/khcr/Projets/Web/resj/app/models/users/user_type.rb": [
        1,
        1,
        null
      ],
      "/Users/khcr/Projets/Web/resj/app/models/users/user.rb": [
        1,
        1,
        1,
        null,
        1,
        null,
        419,
        null,
        10,
        null,
        1,
        null,
        null,
        null,
        1,
        1,
        1,
        1,
        null,
        1,
        1,
        1,
        1,
        1,
        1,
        null,
        null,
        1,
        1,
        1,
        null,
        null,
        1,
        null,
        null,
        1,
        1,
        null,
        1,
        null,
        1,
        null,
        1,
        3,
        3,
        3,
        null,
        3,
        null,
        null,
        1,
        127,
        null,
        null,
        1,
        108,
        108,
        108,
        null,
        0,
        null,
        null,
        null,
        1,
        108,
        108,
        null,
        0,
        null,
        null,
        null,
        null,
        1,
        12,
        null,
        null,
        null,
        1,
        12,
        null,
        null,
        null,
        null,
        null,
        1,
        12,
        null,
        null,
        1,
        4,
        4,
        4,
        3,
        3,
        null,
        1,
        1,
        null,
        null,
        null,
        1,
        8,
        8,
        null,
        null,
        1,
        8,
        8,
        null,
        null,
        1,
        2,
        null,
        null,
        null,
        1,
        2,
        null,
        null,
        null,
        null,
        null
      ],
      "/Users/khcr/Projets/Web/resj/app/models/concerns/user_validation.rb": [
        1,
        1,
        null,
        1,
        1,
        1,
        1,
        1,
        1,
        1,
        null,
        1,
        1,
        1,
        null,
        298,
        null,
        null,
        1,
        297,
        null,
        null,
        1,
        1327,
        null,
        null,
        1,
        null,
        1,
        71,
        0,
        null,
        null,
        null,
        null,
        1,
        66,
        66,
        66,
        null,
        null,
        1,
        66,
        null,
        null,
        1,
        57,
        null,
        null,
        1,
        57,
        null,
        null
      ],
      "/Users/khcr/Projets/Web/resj/app/uploaders/avatar_uploader.rb": [
        null,
        null,
        1,
        null,
        1,
        1,
        null,
        1,
        0,
        null,
        1,
        null,
        null,
        1,
        1,
        1,
        null,
        1,
        1,
        1,
        1,
        null,
        null,
        1,
        0,
        null,
        null,
        1,
        0,
        null,
        null,
        1,
        0,
        0,
        0,
        null,
        null,
        null,
        null
      ],
      "/Users/khcr/Projets/Web/resj/app/models/ownerships/element.rb": [
        1,
        1,
        null
      ],
      "/Users/khcr/Projets/Web/resj/app/models/ownerships/ownership.rb": [
        1,
        1,
        99,
        null,
        1,
        1,
        1,
        1,
        1,
        1,
        null,
        1,
        null,
        1,
        1,
        1,
        null,
        1,
        224,
        null,
        null,
        1,
        0,
        null,
        null,
        1,
        0,
        null,
        null,
        1,
        0,
        null,
        null,
        1,
        4,
        4,
        1,
        3,
        3,
        null,
        null,
        null,
        1,
        2,
        0,
        null,
        2,
        null,
        null,
        null,
        1,
        6,
        6,
        null,
        null,
        1,
        5,
        5,
        5,
        5,
        null,
        null,
        null
      ],
      "/Users/khcr/Projets/Web/resj/app/models/ownerships/action.rb": [
        1,
        1,
        1,
        null,
        1,
        null
      ],
      "/Users/khcr/Projets/Web/resj/app/models/ownerships/ownership_action.rb": [
        1,
        1,
        1,
        null
      ],
      "/Users/khcr/Projets/Web/resj/app/models/newsletter.rb": [
        1,
        null,
        1,
        1,
        null
      ],
      "/Users/khcr/Projets/Web/resj/app/models/users/user_newsletter.rb": [
        1,
        1,
        1,
        null
      ],
      "/Users/khcr/Projets/Web/resj/app/controllers/sessions_controller.rb": [
        1,
        1,
        1,
        null,
        1,
        39,
        null,
        null,
        1,
        35,
        33,
        33,
        33,
        65,
        34,
        null,
        null,
        2,
        2,
        1,
        1,
        null,
        3,
        null,
        null,
        null,
        null,
        1,
        1,
        1,
        null,
        null,
        1,
        null,
        1,
        75,
        null,
        null,
        1,
        36,
        36,
        1,
        2,
        1,
        null,
        null,
        null,
        null
      ],
      "/Users/khcr/Projets/Web/resj/app/controllers/base_controller.rb": [
        1,
        null
      ],
      "/Users/khcr/Projets/Web/resj/app/controllers/application_controller.rb": [
        1,
        1,
        1,
        1,
        1,
        null,
        null,
        null,
        1,
        null,
        1,
        null,
        1,
        null,
        1,
        null,
        1,
        0,
        0,
        0,
        null,
        null,
        null,
        1,
        244,
        244,
        null,
        null,
        1,
        23,
        17,
        null,
        null,
        null,
        1,
        3,
        null,
        null,
        1,
        null,
        1,
        260,
        null,
        null,
        1,
        260,
        null,
        null,
        null
      ],
      "/Users/khcr/Projets/Web/resj/app/helpers/application_helper.rb": [
        1,
        null,
        1,
        3,
        null,
        null,
        1,
        0,
        null,
        null,
        1,
        0,
        null,
        null,
        1,
        1,
        1,
        1,
        1,
        null,
        null,
        1,
        1,
        null,
        null,
        null
      ],
      "/Users/khcr/Projets/Web/resj/app/helpers/cards_helper.rb": [
        1,
        1,
        5,
        1,
        null,
        4,
        null,
        null,
        null,
        1,
        5,
        1,
        null,
        4,
        null,
        null,
        null,
        null
      ],
      "/Users/khcr/Projets/Web/resj/app/helpers/forms_helper.rb": [
        1,
        null,
        1,
        23,
        null,
        null,
        1,
        23,
        null,
        null,
        1,
        6,
        null,
        null
      ],
      "/Users/khcr/Projets/Web/resj/app/helpers/header_helper.rb": [
        1,
        null,
        1,
        378,
        null,
        null,
        null,
        null,
        null,
        378,
        null,
        null,
        1,
        null,
        null,
        null,
        null,
        null,
        null,
        null,
        null,
        null,
        null,
        null,
        null,
        null,
        null,
        null,
        null,
        null,
        null,
        null,
        null,
        null,
        null,
        78,
        null,
        null,
        1,
        3,
        null,
        null,
        null
      ],
      "/Users/khcr/Projets/Web/resj/app/helpers/maps_helper.rb": [
        1,
        null,
        1,
        6,
        null,
        1,
        null,
        1,
        null,
        1,
        null,
        1,
        null,
        1,
        null,
        6,
        null,
        null,
        null
      ],
      "/Users/khcr/Projets/Web/resj/app/helpers/resources_helper.rb": [
        1,
        null,
        1,
        0,
        0,
        0,
        0,
        0,
        null,
        0,
        null,
        null,
        null,
        1,
        0,
        0,
        0,
        null,
        0,
        null,
        null,
        null,
        1,
        0,
        null,
        0,
        null,
        0,
        null,
        0,
        null,
        0,
        null,
        null,
        null,
        null
      ],
      "/Users/khcr/Projets/Web/resj/app/helpers/sessions_helper.rb": [
        1,
        null,
        null,
        null,
        null,
        null,
        null,
        null,
        1,
        41,
        41,
        null,
        null,
        1,
        42,
        null,
        null,
        null,
        null,
        null,
        null,
        1,
        1211,
        null,
        null,
        null,
        null,
        null,
        null,
        null,
        1,
        0,
        null,
        null,
        null,
        1,
        1,
        1,
        null,
        null,
        null
      ],
      "/Users/khcr/Projets/Web/resj/app/controllers/concerns/permission_filter.rb": [
        1,
        1,
        null,
        1,
        1,
        null,
        null,
        1,
        64,
        1,
        1,
        null,
        null,
        null,
        1,
        173,
        null,
        null,
        1,
        0,
        null,
        null,
        1,
        11,
        null,
        null,
        1,
        23,
        null,
        null,
        1,
        0,
        null,
        null,
        1,
        0,
        null,
        null,
        1,
        null,
        null,
        null,
        null
      ],
      "/Users/khcr/Projets/Web/resj/app/controllers/concerns/redirect.rb": [
        1,
        1,
        null,
        1,
        1,
        null,
        null,
        null,
        null,
        null,
        null,
        null,
        null,
        1,
        44,
        null,
        null,
        null,
        null,
        null,
        null,
        null,
        null,
        1,
        32,
        32,
        null,
        null,
        null
      ],
      "/Users/khcr/Projets/Web/resj/app/models/connection.rb": [
        1,
        1,
        null
      ],
      "/Users/khcr/Projets/Web/resj/app/controllers/users_controller.rb": [
        1,
        1,
        8,
        1,
        null,
        1,
        3,
        3,
        null,
        null,
        1,
        3,
        3,
        3,
        null,
        2,
        2,
        null,
        1,
        null,
        null,
        null,
        1,
        6,
        null,
        null,
        1,
        0,
        null,
        null,
        1,
        3,
        3,
        2,
        2,
        null,
        1,
        null,
        null,
        null,
        1,
        0,
        0,
        0,
        0,
        null,
        0,
        null,
        null,
        null,
        1,
        1,
        1,
        1,
        1,
        null,
        0,
        null,
        null,
        null,
        1,
        0,
        null,
        0,
        0,
        null,
        null,
        null,
        1,
        null,
        null,
        1,
        null,
        1,
        6,
        null,
        null,
        1,
        0,
        null,
        null
      ],
      "/Users/khcr/Projets/Web/resj/app/models/users/parent.rb": [
        1,
        1,
        1,
        null,
        1,
        1,
        null
      ],
      "/Users/khcr/Projets/Web/resj/app/models/ownerships/permission.rb": [
        1,
        null,
        1,
        117,
        117,
        null,
        null,
        1,
        65,
        65,
        65,
        null,
        null,
        1,
        78,
        78,
        null,
        null,
        1,
        0,
        0,
        null,
        null,
        1,
        0,
        0,
        0,
        0,
        0,
        0,
        0,
        null,
        0,
        0,
        null,
        null,
        1,
        0,
        0,
        0,
        null,
        0,
        0,
        null,
        null,
        1,
        3,
        3,
        null,
        null,
        1,
        43,
        43,
        43,
        43,
        null,
        null,
        1,
        0,
        null,
        null,
        1,
        0,
        0,
        null,
        null,
        1,
        0,
        0,
        0,
        null,
        null,
        0,
        null,
        null,
        1,
        131,
        186,
        111,
        null,
        null,
        1,
        null,
        1,
        108,
        null,
        null
      ],
      "/Users/khcr/Projets/Web/resj/app/controllers/admin/users_controller.rb": [
        1,
        1,
        1,
        1,
        null,
        1,
        0,
        0,
        null,
        null,
        1,
        0,
        null,
        null,
        1,
        0,
        0,
        0,
        0,
        null,
        0,
        null,
        null,
        null,
        1,
        null,
        null,
        1,
        0,
        0,
        null,
        0,
        null,
        null,
        null,
        1,
        0,
        0,
        null,
        null,
        1,
        2,
        null,
        null,
        1,
        1,
        1,
        1,
        1,
        null,
        1,
        null,
        null,
        1,
        null,
        1,
        0,
        null,
        null,
        1,
        0,
        null,
        null,
        1,
        1,
        1,
        1,
        null,
        null,
        1,
        3,
        null,
        null,
        null
      ],
      "/Users/khcr/Projets/Web/resj/app/controllers/admin/base_controller.rb": [
        1,
        1,
        1,
        1,
        1,
        null
      ],
      "/Users/khcr/Projets/Web/resj/app/controllers/permission_access.rb": [
        1,
        null,
        1,
        43,
        43,
        43,
        43,
        43,
        43,
        43,
        null,
        null,
        1,
        null,
        43,
        null,
        null,
        1,
        41,
        null,
        null,
        1,
        0,
        0,
        0,
        null,
        0,
        null,
        null,
        null,
        null,
        1,
        0,
        0,
        null,
        null,
        1,
        43,
        43,
        null,
        null,
        1,
        48,
        null,
        null,
        null
      ],
      "/Users/khcr/Projets/Web/resj/app/models/ownerships/access_token.rb": [
        1,
        1,
        null,
        1,
        1,
        null,
        1,
        null,
        1,
        6,
        null,
        null,
        1,
        7,
        null,
        null
      ],
      "/Users/khcr/Projets/Web/resj/app/mailers/user_mailer.rb": [
        1,
        null,
        1,
        3,
        null,
        null,
        null,
        null,
        3,
        null,
        null,
        1,
        3,
        null,
        null,
        null,
        null,
        3,
        null,
        null,
        null,
        1,
        2,
        null,
        null,
        null,
        null,
        null,
        2,
        null,
        null,
        null,
        1,
        1,
        null,
        null,
        null,
        null,
        null,
        1,
        null,
        null,
        null,
        1,
        1,
        null,
        null,
        null,
        null,
        null,
        1,
        null,
        null,
        1,
        1,
        null,
        null,
        null,
        null,
        null,
        1,
        null,
        null
      ],
      "/Users/khcr/Projets/Web/resj/app/mailers/base_mailer.rb": [
        1,
        1,
        null,
        null,
        null,
        1,
        1,
        null,
        1,
        16,
        null,
        null,
        1,
        16,
        null,
        null,
        null
      ],
      "/Users/khcr/Projets/Web/resj/app/models/help_category.rb": [
        1,
        1,
        null,
        1,
        6,
        null,
        null
      ],
      "/Users/khcr/Projets/Web/resj/app/models/help_page.rb": [
        1,
        1,
        null,
        1,
        1,
        1,
        null,
        1,
        0,
        null,
        null
      ],
      "/Users/khcr/Projets/Web/resj/app/models/location.rb": [
        1,
        1,
        1,
        null,
        1,
        null,
        1,
        10,
        null,
        null,
        1,
        0,
        null,
        null
      ],
      "/Users/khcr/Projets/Web/resj/app/models/canton.rb": [
        1,
        1,
        null,
        1,
        null
      ],
      "/Users/khcr/Projets/Web/resj/app/models/groups/status.rb": [
        1,
        null,
        1,
        null,
        1,
        null,
        1,
        null,
        null
      ],
      "/Users/khcr/Projets/Web/resj/app/models/groups/card_type.rb": [
        1,
        1,
        null,
        1,
        null,
        null
      ],
      "/Users/khcr/Projets/Web/resj/app/models/groups/card_responsable.rb": [
        1,
        1,
        1,
        null
      ],
      "/Users/khcr/Projets/Web/resj/app/models/groups/responsable.rb": [
        1,
        1,
        null,
        1,
        1,
        null,
        1,
        1,
        1,
        null,
        1,
        null,
        1,
        0,
        null,
        null,
        1,
        null,
        1,
        23,
        23,
        23,
        23,
        23,
        23,
        null,
        null
      ],
      "/Users/khcr/Projets/Web/resj/app/models/groups/card_affiliation.rb": [
        1,
        1,
        1,
        null
      ],
      "/Users/khcr/Projets/Web/resj/app/models/groups/tagging.rb": [
        1,
        1,
        1,
        null
      ],
      "/Users/khcr/Projets/Web/resj/app/models/tag.rb": [
        1,
        1,
        1,
        null,
        1,
        null,
        2,
        null
      ],
      "/Users/khcr/Projets/Web/resj/app/controllers/cards_controller.rb": [
        1,
        1,
        1,
        1,
        2,
        null,
        1,
        null,
        1,
        1,
        1,
        null,
        1,
        1,
        1,
        1,
        null,
        null,
        null,
        null,
        1,
        4,
        4,
        4,
        4,
        4,
        null,
        null,
        1,
        2,
        2,
        2,
        null,
        null,
        1,
        1,
        1,
        1,
        1,
        1,
        1,
        null,
        null,
        null,
        0,
        0,
        0,
        null,
        null,
        null,
        null,
        1,
        null,
        1,
        1,
        null,
        null,
        1,
        6,
        null,
        null,
        1,
        2,
        2,
        0,
        null,
        null,
        null,
        null
      ],
      "/Users/khcr/Projets/Web/resj/app/models/groups/card_parent.rb": [
        1,
        1,
        1,
        null
      ],
      "/Users/khcr/Projets/Web/resj/app/controllers/cards/images_controller.rb": [
        1,
        1,
        1,
        null,
        1,
        null,
        null,
        1,
        null,
        null,
        1,
        2,
        2,
        1,
        null,
        1,
        null,
        null,
        null,
        1,
        2,
        2,
        1,
        null,
        1,
        null,
        null,
        null,
        1,
        0,
        0,
        0,
        null,
        0,
        null,
        null,
        null,
        1,
        0,
        0,
        0,
        null,
        0,
        null,
        null,
        null,
        1,
        null,
        1,
        8,
        null,
        null,
        1,
        4,
        null,
        null,
        null
      ],
      "/Users/khcr/Projets/Web/resj/lib/tasks/demo.rake": [
        1,
        null,
        1,
        1,
        null,
        1,
        1,
        0,
        0,
        null,
        null,
        1,
        1,
        0,
        0,
        null,
        null,
        1,
        1,
        0,
        null,
        null,
        1,
        1,
        0,
        null,
        null,
        1,
        1,
        1,
        1,
        null,
        null,
        null
      ],
      "/Users/khcr/Projets/Web/resj/app/controllers/cards/wizards_controller.rb": [
        1,
        3,
        null,
        1,
        8,
        8,
        8,
        8,
        null,
        null,
        null,
        1,
        25,
        null,
        25,
        25,
        25,
        null,
        22,
        22,
        null,
        null,
        0,
        null,
        null,
        null,
        1,
        2,
        2,
        4,
        2,
        1,
        null,
        1,
        1,
        1,
        1,
        null,
        1,
        null,
        null,
        null,
        1,
        null,
        1,
        1,
        null,
        null,
        1,
        25,
        null,
        null,
        null
      ],
      "/Users/khcr/Projets/Web/resj/app/controllers/searches_controller.rb": [
        1,
        null,
        1,
        0,
        0,
        0,
        null,
        0,
        null,
        null,
        null,
        1,
        0,
        null,
        null,
        1,
        3,
        null,
        null,
        1,
        0,
        null,
        null,
        1,
        7,
        null,
        null,
        null,
        7,
        null,
        7,
        null,
        null,
        1,
        null,
        1,
        0,
        0,
        null,
        0,
        null,
        null,
        null,
        1,
        0,
        0,
        0,
        null,
        null,
        null
      ],
      "/Users/khcr/Projets/Web/resj/app/mailers/card_mailer.rb": [
        1,
        null,
        null,
        null,
        null,
        null,
        1,
        1,
        1,
        null,
        null,
        null,
        null,
        null,
        1,
        null,
        null,
        null,
        1,
        1,
        null,
        null,
        null,
        null,
        null,
        1,
        null,
        null,
        null,
        1,
        0,
        null,
        null,
        null,
        null,
        null,
        null,
        0,
        null,
        null,
        null,
        null,
        null,
        null,
        null,
        null,
        null,
        1,
        0,
        null,
        null,
        null,
        null,
        null,
        null,
        null,
        0,
        null,
        null,
        null,
        null,
        null,
        1,
        1,
        null,
        null,
        null,
        null,
        null,
        null,
        null,
        1,
        null,
        null,
        null,
        null,
        null,
        1,
        1,
        null,
        null,
        null,
        null,
        null,
        null,
        null,
        1,
        null,
        null,
        null,
        1,
        0,
        null,
        null,
        null,
        null,
        null,
        null,
        null,
        0,
        null,
        null,
        1,
        null,
        1,
        0,
        null,
        null
      ],
      "/Users/khcr/Projets/Web/resj/app/models/activity.rb": [
        1,
        1,
        1,
        null
      ],
      "/Users/khcr/Projets/Web/resj/app/controllers/cards/affiliations_controller.rb": [
        1,
        1,
        1,
        1,
        null,
        1,
        null,
        null,
        1,
        3,
        3,
        3,
        2,
        2,
        2,
        null,
        1,
        null,
        null,
        null,
        null,
        1,
        2,
        2,
        2,
        2,
        1,
        null,
        1,
        null,
        2,
        2,
        null,
        0,
        null,
        null,
        null,
        1,
        17,
        17,
        17,
        null,
        null,
        1,
        0,
        0,
        0,
        null,
        0,
        null,
        null,
        null,
        1,
        1,
        1,
        null,
        null,
        1,
        2,
        2,
        2,
        2,
        null,
        null,
        1,
        null,
        1,
        50,
        null,
        null,
        1,
        0,
        null,
        null
      ],
      "/Users/khcr/Projets/Web/resj/app/models/groups/card_permission.rb": [
        1,
        1,
        null,
        1,
        null,
        1,
        2,
        2,
        2,
        null,
        null,
        1,
        93,
        null,
        null,
        1,
        2,
        4,
        4,
        2,
        2,
        2,
        null,
        null,
        null,
        null
      ],
      "/Users/khcr/Projets/Web/resj/app/models/request.rb": [
        1,
        1,
        null,
        1,
        10,
        10,
        10,
        10,
        null,
        null,
        1,
        6,
        2,
        null,
        4,
        null,
        null,
        null,
        1,
        4,
        0,
        4,
        2,
        null,
        null,
        null,
        1,
        2,
        2,
        null,
        null,
        1,
        4,
        4,
        4,
        4,
        null,
        null,
        null,
        1,
        4,
        4,
        null,
        null,
        1,
        20,
        null,
        null,
        null
      ],
      "/Users/khcr/Projets/Web/resj/app/controllers/help/categories_controller.rb": [
        1,
        null,
        1,
        2,
        null,
        null,
        1,
        1,
        null,
        null
      ],
      "/Users/khcr/Projets/Web/resj/app/controllers/users/affiliations_controller.rb": [
        1,
        1,
        1,
        null,
        1,
        12,
        12,
        12,
        12,
        12,
        null,
        null,
        null,
        1,
        3,
        3,
        3,
        2,
        2,
        2,
        null,
        1,
        null,
        null,
        null,
        null,
        1,
        2,
        2,
        2,
        2,
        1,
        null,
        1,
        null,
        2,
        2,
        null,
        0,
        null,
        null,
        null,
        null,
        1,
        1,
        1,
        null,
        null
      ],
      "/Users/khcr/Projets/Web/resj/app/controllers/users/newsletters_controller.rb": [
        1,
        1,
        1,
        null,
        1,
        2,
        null,
        null,
        1,
        1,
        1,
        1,
        1,
        null,
        null,
        1,
        null,
        1,
        1,
        null,
        null
      ],
      "/Users/khcr/Projets/Web/resj/app/models/theme.rb": [
        1,
        1,
        1,
        null,
        1,
        1,
        null,
        1,
        1,
        null,
        1,
        null,
        1,
        null
      ],
      "/Users/khcr/Projets/Web/resj/app/controllers/orators_controller.rb": [
        1,
        1,
        1,
        1,
        1,
        4,
        null,
        1,
        0,
        null,
        0,
        0,
        null,
        null,
        null,
        1,
        0,
        0,
        null,
        null,
        1,
        4,
        4,
        null,
        null,
        1,
        2,
        2,
        2,
        2,
        1,
        1,
        1,
        1,
        null,
        1,
        null,
        null,
        null,
        1,
        1,
        1,
        1,
        1,
        null,
        0,
        null,
        null,
        null,
        1,
        null,
        1,
        3,
        null,
        null,
        1,
        0,
        0,
        null,
        null,
        1,
        7,
        null,
        null
      ],
      "/Users/khcr/Projets/Web/resj/app/models/orators/orator_theme.rb": [
        1,
        1,
        1,
        null
      ],
      "/Users/khcr/Projets/Web/resj/app/models/orators/disponibility.rb": [
        1,
        null,
        1,
        1,
        null
      ],
      "/Users/khcr/Projets/Web/resj/app/models/orators/orator_disponibility.rb": [
        1,
        1,
        1,
        null
      ],
      "/Users/khcr/Projets/Web/resj/app/mailers/orator_mailer.rb": [
        1,
        null,
        null,
        1,
        1,
        null,
        null,
        null,
        1,
        null,
        null,
        null
      ],
      "/Users/khcr/Projets/Web/resj/app/controllers/pages_controller.rb": [
        1,
        null,
        1,
        9,
        9,
        9,
        9,
        9,
        9,
        null,
        null,
        1,
        0,
        null,
        null,
        1,
        0,
        null,
        null,
        1,
        0,
        0,
        0,
        null,
        null,
        1,
        0,
        null,
        null,
        1,
        0,
        null,
        null,
        1,
        0,
        null,
        null,
        null
      ],
      "/Users/khcr/Projets/Web/resj/app/models/page.rb": [
        1,
        null,
        1,
        null,
        null
      ],
      "/Users/khcr/Projets/Web/resj/app/models/articles/article.rb": [
        1,
        1,
        1,
        1,
        null,
        10,
        null,
        1,
        null,
        1,
        1,
        1,
        1,
        null,
        1,
        null,
        1,
        0,
        null,
        null
      ],
      "/Users/khcr/Projets/Web/resj/app/uploaders/articles_uploader.rb": [
        null,
        null,
        1,
        1,
        1,
        null,
        1,
        0,
        null,
        1,
        null,
        null,
        1,
        1,
        1,
        null,
        1,
        1,
        1,
        1,
        null,
        null,
        1,
        0,
        null,
        null,
        1,
        0,
        null,
        null,
        1,
        null,
        1,
        0,
        0,
        0,
        null,
        null,
        null
      ],
      "/Users/khcr/Projets/Web/resj/app/models/subjects/document.rb": [
        1,
        1,
        null,
        1,
        1,
        null,
        1,
        null,
        1,
        null,
        1,
        null,
        1,
        null,
        1,
        0,
        0,
        0,
        null,
        null,
        null,
        null
      ],
      "/Users/khcr/Projets/Web/resj/app/uploaders/documents_uploader.rb": [
        null,
        null,
        1,
        null,
        null,
        null,
        null,
        null,
        null,
        null,
        null,
        null,
        null,
        null,
        null,
        1,
        0,
        null,
        1,
        null,
        null,
        null,
        null,
        1,
        0,
        0,
        null,
        0,
        null,
        null,
        null,
        1,
        0,
        null,
        null,
        1,
        0,
        null,
        null,
        1,
        0,
        null,
        null,
        1,
        null,
        1,
        0,
        null,
        null,
        1,
        0,
        null,
        null,
        null
      ],
      "/Users/khcr/Projets/Web/resj/app/controllers/password_resets_controller.rb": [
        1,
        null,
        1,
        null,
        null,
        1,
        1,
        1,
        1,
        1,
        null,
        1,
        null,
        null,
        1,
        2,
        null,
        null,
        1,
        2,
        2,
        1,
        1,
        1,
        1,
        null,
        0,
        null,
        null,
        null,
        1,
        null,
        1,
        1,
        null,
        null,
        null
      ]
    },
    "timestamp": 1432581986
  }
}
